\BOOKMARK [1][-]{section.1}{\376\377\116\373\122\241\116\313\176\315}{}% 1
\BOOKMARK [1][-]{section.2}{\376\377\152\041\127\213\144\055\136\372}{}% 2
\BOOKMARK [2][-]{subsection.2.1}{\376\377\121\150\123\167\171\357\171\136\176\317\177\121\176\334}{section.2}% 3
\BOOKMARK [2][-]{subsection.2.2}{\376\377\153\213\135\356\171\136\176\317\177\121\176\334}{section.2}% 4
\BOOKMARK [2][-]{subsection.2.3}{\376\377\000I\000n\000c\000e\000p\000t\000i\000o\000n\152\041\127\127}{section.2}% 5
\BOOKMARK [1][-]{section.3}{\376\377\213\255\176\303\145\271\154\325\123\312\217\307\172\013}{}% 6
\BOOKMARK [2][-]{subsection.3.1}{\376\377\123\237\131\313\213\255\176\303\226\306\131\004\164\006}{section.3}% 7
\BOOKMARK [2][-]{subsection.3.2}{\376\377\143\137\131\061\121\375\145\160\123\312\117\030\123\026\126\150}{section.3}% 8
\BOOKMARK [2][-]{subsection.3.3}{\376\377\000W\000a\000r\000m\000\040\000U\000p}{section.3}% 9
\BOOKMARK [2][-]{subsection.3.4}{\376\377\133\146\116\140\163\207\000S\000c\000h\000e\000d\000u\000l\000e}{section.3}% 10
\BOOKMARK [1][-]{section.4}{\376\377\214\003\117\030}{}% 11
\BOOKMARK [2][-]{subsection.4.1}{\376\377\000G\000r\000i\000d\000\040\000S\000e\000a\000r\000c\000h\170\156\133\232\215\205\123\302\145\160}{section.4}% 12
\BOOKMARK [2][-]{subsection.4.2}{\376\377\142\171\153\143\122\031\123\026}{section.4}% 13
\BOOKMARK [2][-]{subsection.4.3}{\376\377\000D\000r\000o\000p\000O\000u\000t}{section.4}% 14
\BOOKMARK [2][-]{subsection.4.4}{\376\377\213\255\176\303\226\306\131\004\164\006}{section.4}% 15
\BOOKMARK [3][-]{subsubsection.4.4.1}{\376\377\145\160\143\156\130\236\136\177}{subsection.4.4}% 16
\BOOKMARK [3][-]{subsubsection.4.4.2}{\376\377\145\160\143\156\130\236\137\072}{subsection.4.4}% 17
\BOOKMARK [2][-]{subsection.4.5}{\376\377\131\032\152\041\127\213\200\124\124\010\121\263\173\126}{section.4}% 18
\BOOKMARK [1][-]{section.5}{\376\377\133\236\232\214\176\323\147\234\116\016\213\304\155\113}{}% 19
\BOOKMARK [2][-]{subsection.5.1}{\376\377\121\150\123\167\171\357\177\121\176\334}{section.5}% 20
\BOOKMARK [2][-]{subsection.5.2}{\376\377\153\213\135\356\177\121\176\334}{section.5}% 21
\BOOKMARK [2][-]{subsection.5.3}{\376\377\000I\000n\000c\000e\000p\000t\000i\000o\000n\177\121\176\334}{section.5}% 22
\BOOKMARK [1][-]{section.6}{\376\377\140\073\176\323}{}% 23
